<?xml version="1.0" encoding="UTF-8"?>
<testsuite xmlns:xsi="http://www.w3.org/2001/XMLSchema-instance" xsi:noNamespaceSchemaLocation="https://maven.apache.org/surefire/maven-surefire-plugin/xsd/surefire-test-report-3.0.xsd" version="3.0" name="TestSuite" time="27.006" tests="5" errors="0" skipped="0" failures="0">
  <properties>
[...]
</properties>
  <testcase name="openingEconomySectionTest" classname="openingnewsections.OpeningNewsSectionsTest" time="8.26">
    <system-err><![CDATA[SLF4J: Failed to load class "org.slf4j.impl.StaticLoggerBinder".
SLF4J: Defaulting to no-operation (NOP) logger implementation
SLF4J: See http://www.slf4j.org/codes.html#StaticLoggerBinder for further details.
Starting ChromeDriver 110.0.5481.77 (65ed616c6e8ee3fe0ad64fe83796c020644d42af-refs/branch-heads/5481@{#839}) on port 19775
Only local connections are allowed.
Please see https://chromedriver.chromium.org/security-considerations for suggestions on keeping ChromeDriver safe.
ChromeDriver was started successfully.
[1677881926.818][WARNING]: virtual void DevToolsClientImpl::AddListener(DevToolsEventListener *) subscribing a listener to the already connected DevToolsClient. Connection notification will not arrive.
]]></system-err>
  </testcase>
  <testcase name="openingIncidentsSectionTest" classname="openingnewsections.OpeningNewsSectionsTest" time="2.756"/>
  <testcase name="openingPoliticsSectionTest" classname="openingnewsections.OpeningNewsSectionsTest" time="3.52"/>
  <testcase name="openingSocietySectionTest" classname="openingnewsections.OpeningNewsSectionsTest" time="2.952"/>
  <testcase name="openingWorldSectionTest" classname="openingnewsections.OpeningNewsSectionsTest" time="4.037"/>
</testsuite>