<?xml version="1.0" encoding="UTF-8"?>
<testng-results ignored="0" total="5" passed="5" failed="0" skipped="0">
  <reporter-output>
  </reporter-output>
  <suite started-at="2023-03-04T01:18:47 MSK" name="All Test Suite" finished-at="2023-03-04T01:19:08 MSK" duration-ms="21593">
    <groups>
    </groups>
    <test started-at="2023-03-04T01:18:47 MSK" name="C:/qa/Demo" finished-at="2023-03-04T01:19:08 MSK" duration-ms="21593">
      <class name="openingnewsections.OpeningNewsSectionsTest">
        <test-method signature="openingEconomySectionTest()[pri:0, instance:openingnewsections.OpeningNewsSectionsTest@3dc46f24]" started-at="2023-03-04T01:18:47 MSK" name="openingEconomySectionTest" finished-at="2023-03-04T01:18:55 MSK" duration-ms="8086" status="PASS">
          <reporter-output>
          </reporter-output>
        </test-method> <!-- openingEconomySectionTest -->
        <test-method signature="openingIncidentsSectionTest()[pri:0, instance:openingnewsections.OpeningNewsSectionsTest@3dc46f24]" started-at="2023-03-04T01:18:55 MSK" name="openingIncidentsSectionTest" finished-at="2023-03-04T01:18:58 MSK" duration-ms="2751" status="PASS">
          <reporter-output>
          </reporter-output>
        </test-method> <!-- openingIncidentsSectionTest -->
        <test-method signature="openingPoliticsSectionTest()[pri:0, instance:openingnewsections.OpeningNewsSectionsTest@3dc46f24]" started-at="2023-03-04T01:18:58 MSK" name="openingPoliticsSectionTest" finished-at="2023-03-04T01:19:01 MSK" duration-ms="3520" status="PASS">
          <reporter-output>
          </reporter-output>
        </test-method> <!-- openingPoliticsSectionTest -->
        <test-method signature="openingSocietySectionTest()[pri:0, instance:openingnewsections.OpeningNewsSectionsTest@3dc46f24]" started-at="2023-03-04T01:19:01 MSK" name="openingSocietySectionTest" finished-at="2023-03-04T01:19:04 MSK" duration-ms="2950" status="PASS">
          <reporter-output>
          </reporter-output>
        </test-method> <!-- openingSocietySectionTest -->
        <test-method signature="openingWorldSectionTest()[pri:0, instance:openingnewsections.OpeningNewsSectionsTest@3dc46f24]" started-at="2023-03-04T01:19:04 MSK" name="openingWorldSectionTest" finished-at="2023-03-04T01:19:08 MSK" duration-ms="4035" status="PASS">
          <reporter-output>
          </reporter-output>
        </test-method> <!-- openingWorldSectionTest -->
        <test-method is-config="true" signature="close()[pri:0, instance:openingnewsections.OpeningNewsSectionsTest@3dc46f24]" started-at="2023-03-04T01:19:09 MSK" name="close" finished-at="2023-03-04T01:19:09 MSK" duration-ms="425" status="PASS">
          <reporter-output>
          </reporter-output>
        </test-method> <!-- close -->
      </class> <!-- openingnewsections.OpeningNewsSectionsTest -->
    </test> <!-- C:/qa/Demo -->
  </suite> <!-- All Test Suite -->
</testng-results>
